<?xml version="1.0" encoding="UTF-8" ?>
<testsuite failures="0" time="0.015" errors="0" skipped="0" tests="1" name="com.mycompany.app.AppTest">
  <properties>
    <property name="java.runtime.name" value="Java(TM) SE Runtime Environment"/>
    <property name="sun.boot.library.path" value="C:\dev\tools\Java\jdk1.7.0_55\jre\bin"/>
    <property name="java.vm.version" value="24.55-b03"/>
    <property name="java.vm.vendor" value="Oracle Corporation"/>
    <property name="java.vendor.url" value="http://java.oracle.com/"/>
    <property name="path.separator" value=";"/>
    <property name="guice.disable.misplaced.annotation.check" value="true"/>
    <property name="java.vm.name" value="Java HotSpot(TM) 64-Bit Server VM"/>
    <property name="file.encoding.pkg" value="sun.io"/>
    <property name="user.script" value=""/>
    <property name="user.country" value="US"/>
    <property name="sun.java.launcher" value="SUN_STANDARD"/>
    <property name="sun.os.patch.level" value="Service Pack 1"/>
    <property name="java.vm.specification.name" value="Java Virtual Machine Specification"/>
    <property name="user.dir" value="D:\practice\maven_project"/>
    <property name="java.runtime.version" value="1.7.0_55-b13"/>
    <property name="java.awt.graphicsenv" value="sun.awt.Win32GraphicsEnvironment"/>
    <property name="java.endorsed.dirs" value="C:\dev\tools\Java\jdk1.7.0_55\jre\lib\endorsed"/>
    <property name="os.arch" value="amd64"/>
    <property name="java.io.tmpdir" value="C:\Users\GEETAL~1\AppData\Local\Temp\"/>
    <property name="line.separator" value="
"/>
    <property name="java.vm.specification.vendor" value="Oracle Corporation"/>
    <property name="user.variant" value=""/>
    <property name="os.name" value="Windows 7"/>
    <property name="classworlds.conf" value="C:\dev\tools\apache-maven-3.0.4\bin\m2.conf"/>
    <property name="sun.jnu.encoding" value="Cp1252"/>
    <property name="java.library.path" value="C:\dev\tools\Java\jdk1.7.0_55\bin;C:\windows\Sun\Java\bin;C:\windows\system32;C:\windows;C:\dev\tools\SYBASE\ASEpcclient\DBISQL\bin;C:\dev\tools\SYBASE\ASEpcclient\DataAccess64\ADONET\dll;C:\dev\tools\SYBASE\ASEpcclient\DataAccess\ADONET\dll;C:\dev\tools\SYBASE\ASEpcclient\DataAccess64\ODBC\dll;C:\dev\tools\SYBASE\ASEpcclient\DataAccess\ODBC\dll;C:\dev\tools\SYBASE\ASEpcclient\DataAccess64\OLEDB\dll;C:\dev\tools\SYBASE\ASEpcclient\DataAccess\OLEDB\dll;C:\dev\tools\SYBASE\ASEpcclient\OCS-15_0\lib3p64;C:\dev\tools\SYBASE\ASEpcclient\OCS-15_0\lib3p;C:\dev\tools\SYBASE\ASEpcclient\OCS-15_0\dll;C:\dev\tools\SYBASE\ASEpcclient\OCS-15_0\bin;C:\app\oracle\product\12.1.0\bin;D:\app\oracle\product\12.1.0\bin;D:\oams\Sybase\ASE-16_0\jobscheduler\bin;D:\oams\Sybase\ASE-16_0\dll;D:\oams\Sybase\ASE-16_0\bin;D:\oams\Sybase\SCC-3_3\bin;D:\oams\Sybase\DataAccess64\ADONET\dll;D:\oams\Sybase\DataAccess\ADONET\dll;D:\oams\Sybase\DataAccess64\ODBC\dll;D:\oams\Sybase\DataAccess\ODBC\dll;D:\oams\Sybase\OCS-16_0\lib3p64;D:\oams\Sybase\OCS-16_0\lib3p;D:\oams\Sybase\OCS-16_0\dll;D:\oams\Sybase\OCS-16_0\bin;C:\windows\system32;C:\windows;C:\windows\System32\Wbem;C:\windows\System32\WindowsPowerShell\v1.0\;C:\dev\tools\TortoiseSVN\bin;C:\dev\tools\apache-ant-1.9.6\bin;C:\dev\tools\Java\jdk1.7.0_55\bin;C:\dev\tools\apache-maven-3.0.4\bin;C:\dev\tools\cygwin\bin;C:\dev\tools\Telelogic\Telelogic Synergy 6.5\bin;C:\dev\tools\ctraining\VisualSVNServer\bin;C:\Program Files\IDM Computer Solutions\UltraEdit;C:\dev\tools\git\bin;C:\dev\tools\ruby\Ruby22-x64\bin;C:\dev\tools\Nmap;."/>
    <property name="java.specification.name" value="Java Platform API Specification"/>
    <property name="java.class.version" value="51.0"/>
    <property name="sun.management.compiler" value="HotSpot 64-Bit Tiered Compilers"/>
    <property name="os.version" value="6.1"/>
    <property name="user.home" value="C:\Users\geetalakshmi"/>
    <property name="user.timezone" value="Asia/Calcutta"/>
    <property name="java.awt.printerjob" value="sun.awt.windows.WPrinterJob"/>
    <property name="java.specification.version" value="1.7"/>
    <property name="file.encoding" value="Cp1252"/>
    <property name="user.name" value="geetalakshmi"/>
    <property name="java.class.path" value="C:\dev\tools\apache-maven-3.0.4\boot\plexus-classworlds-2.4.jar"/>
    <property name="java.vm.specification.version" value="1.7"/>
    <property name="sun.arch.data.model" value="64"/>
    <property name="java.home" value="C:\dev\tools\Java\jdk1.7.0_55\jre"/>
    <property name="sun.java.command" value="org.codehaus.plexus.classworlds.launcher.Launcher package"/>
    <property name="java.specification.vendor" value="Oracle Corporation"/>
    <property name="user.language" value="en"/>
    <property name="awt.toolkit" value="sun.awt.windows.WToolkit"/>
    <property name="java.vm.info" value="mixed mode"/>
    <property name="java.version" value="1.7.0_55"/>
    <property name="java.ext.dirs" value="C:\dev\tools\Java\jdk1.7.0_55\jre\lib\ext;C:\windows\Sun\Java\lib\ext"/>
    <property name="sun.boot.class.path" value="C:\dev\tools\Java\jdk1.7.0_55\jre\lib\resources.jar;C:\dev\tools\Java\jdk1.7.0_55\jre\lib\rt.jar;C:\dev\tools\Java\jdk1.7.0_55\jre\lib\sunrsasign.jar;C:\dev\tools\Java\jdk1.7.0_55\jre\lib\jsse.jar;C:\dev\tools\Java\jdk1.7.0_55\jre\lib\jce.jar;C:\dev\tools\Java\jdk1.7.0_55\jre\lib\charsets.jar;C:\dev\tools\Java\jdk1.7.0_55\jre\lib\jfr.jar;C:\dev\tools\Java\jdk1.7.0_55\jre\classes"/>
    <property name="java.vendor" value="Oracle Corporation"/>
    <property name="maven.home" value="C:\dev\tools\apache-maven-3.0.4"/>
    <property name="file.separator" value="\"/>
    <property name="java.vendor.url.bug" value="http://bugreport.sun.com/bugreport/"/>
    <property name="sun.cpu.endian" value="little"/>
    <property name="sun.io.unicode.encoding" value="UnicodeLittle"/>
    <property name="sun.desktop" value="windows"/>
    <property name="sun.cpu.isalist" value="amd64"/>
  </properties>
  <testcase time="0" classname="com.mycompany.app.AppTest" name="testApp"/>
</testsuite>